<?xml version="1.0" encoding="UTF-8"?>
<!-- Generated by org.testng.reporters.JUnitReportReporter -->
<testsuite skipped="0" hostname="karthi-PC" name="com.leafBot.testcases.RunCreateLead" tests="2" failures="0" timestamp="10 Aug 2019 11:16:09 GMT" time="37.171" errors="0">
  <testcase name="createLeadTestCase" time="21.716" classname="com.leafBot.testcases.RunCreateLead"/>
  <testcase name="createLeadTestCase" time="15.455" classname="com.leafBot.testcases.RunCreateLead"/>
</testsuite> <!-- com.leafBot.testcases.RunCreateLead -->
